<?xml version="1.0" encoding="UTF-8"?>
<!-- Generated by org.testng.reporters.JUnitReportReporter -->
<testsuite hostname="DESKTOP-7S66NTI" failures="0" tests="4" name="practice.test.getProductInfo" time="42.817" errors="0" timestamp="2025-04-29T12:42:40 IST" skipped="0">
  <testcase classname="practice.test.getProductInfo" name="getProductDetails" time="4.705"/>
  <testcase classname="practice.test.getProductInfo" name="getProductDetails" time="4.558"/>
  <testcase classname="practice.test.getProductInfo" name="getProductDetails" time="19.335"/>
  <testcase classname="practice.test.getProductInfo" name="getProductDetails" time="14.219"/>
</testsuite> <!-- practice.test.getProductInfo -->
