<?xml version="1.0" encoding="UTF-8"?>
<!-- Generated by org.testng.reporters.JUnitReportReporter -->
<testsuite hostname="DESKTOP-7S66NTI" failures="0" tests="1" name="com.comcast.crm.organizationTest.CreateOrganizationWithPhoneNumber" time="9.244" errors="0" timestamp="2025-04-29T17:37:31 IST" skipped="0">
  <testcase classname="com.comcast.crm.organizationTest.CreateOrganizationWithPhoneNumber" name="createOrganizationWithPhoneNumber" time="9.244"/>
</testsuite> <!-- com.comcast.crm.organizationTest.CreateOrganizationWithPhoneNumber -->
