<?xml version="1.0" encoding="UTF-8"?>
<!-- Generated by org.testng.reporters.JUnitReportReporter -->
<testsuite hostname="DESKTOP-7S66NTI" failures="0" tests="1" name="com.comcast.crm.contactTest.CreateContactWithSupportDate" time="18.738" errors="0" timestamp="2025-04-30T11:34:38 IST" skipped="0">
  <testcase classname="com.comcast.crm.contactTest.CreateContactWithSupportDate" name="createContactWithSupportDate" time="18.738"/>
</testsuite> <!-- com.comcast.crm.contactTest.CreateContactWithSupportDate -->
