<?xml version="1.0" encoding="UTF-8"?>
<!-- Generated by org.testng.reporters.JUnitReportReporter -->
<testsuite hostname="DESKTOP-7S66NTI" failures="0" tests="3" name="com.comcast.crm.contactTest.CreateContactTest" time="63.407" errors="0" timestamp="2025-05-22T12:22:53 IST" skipped="0">
  <testcase classname="com.comcast.crm.contactTest.CreateContactTest" name="createContactwithOrgTest" time="28.408"/>
  <testcase classname="com.comcast.crm.contactTest.CreateContactTest" name="createContactWithSupportDate" time="16.991"/>
  <testcase classname="com.comcast.crm.contactTest.CreateContactTest" name="createContactTest" time="18.008"/>
</testsuite> <!-- com.comcast.crm.contactTest.CreateContactTest -->
