<?xml version="1.0" encoding="UTF-8"?>
<!-- Generated by org.testng.reporters.JUnitReportReporter -->
<testsuite hostname="DESKTOP-7S66NTI" failures="0" tests="6" name="com.comcast.crm.contactTest.CreateContactTest" time="86.777" errors="0" timestamp="2025-05-10T13:44:59 IST" skipped="0">
  <testcase classname="com.comcast.crm.contactTest.CreateContactTest" name="createContactWithSupportDate" time="11.806"/>
  <testcase classname="com.comcast.crm.contactTest.CreateContactTest" name="createContactwithOrgTest" time="18.943"/>
  <testcase classname="com.comcast.crm.contactTest.CreateContactTest" name="createContactTest" time="11.866"/>
  <testcase classname="com.comcast.crm.contactTest.CreateContactTest" name="createContactwithOrgTest" time="19.520"/>
  <testcase classname="com.comcast.crm.contactTest.CreateContactTest" name="createContactWithSupportDate" time="11.724"/>
  <testcase classname="com.comcast.crm.contactTest.CreateContactTest" name="createContactTest" time="12.918"/>
</testsuite> <!-- com.comcast.crm.contactTest.CreateContactTest -->
