<?xml version="1.0" encoding="UTF-8"?>
<!-- Generated by org.testng.reporters.JUnitReportReporter -->
<testsuite hostname="DESKTOP-7S66NTI" failures="0" tests="3" name="com.comcast.crm.organizationTest.CreateOrganizationTest" time="109.039" errors="0" timestamp="2025-05-22T12:22:53 IST" skipped="0">
  <testcase classname="com.comcast.crm.organizationTest.CreateOrganizationTest" name="createOrganizationWithPhoneNumber" time="17.974"/>
  <testcase classname="com.comcast.crm.organizationTest.CreateOrganizationTest" name="createOrganizationWithType" time="18.254"/>
  <testcase classname="com.comcast.crm.organizationTest.CreateOrganizationTest" name="createOrganizationTest" time="72.811"/>
</testsuite> <!-- com.comcast.crm.organizationTest.CreateOrganizationTest -->
