<?xml version="1.0" encoding="UTF-8"?>
<!-- Generated by org.testng.reporters.JUnitReportReporter -->
<testsuite hostname="DESKTOP-7S66NTI" failures="0" tests="1" name="practice.test.InvoiceTest" time="0.014" errors="0" timestamp="2025-05-12T17:59:02 IST" skipped="0">
  <testcase classname="practice.test.InvoiceTest" name="createInvoiceTest" time="0.014"/>
</testsuite> <!-- practice.test.InvoiceTest -->
