<?xml version="1.0" encoding="UTF-8"?>
<!-- Generated by org.testng.reporters.JUnitReportReporter -->
<testsuite hostname="DESKTOP-7S66NTI" failures="0" tests="1" name="com.comcast.crm.organizationTest.CreateOrganizationTest" time="16.712" errors="0" timestamp="2025-05-15T15:54:09 IST" skipped="0">
  <testcase classname="com.comcast.crm.organizationTest.CreateOrganizationTest" name="createOrganizationTest" time="16.712"/>
</testsuite> <!-- com.comcast.crm.organizationTest.CreateOrganizationTest -->
