<?xml version="1.0" encoding="UTF-8"?>
<!-- Generated by org.testng.reporters.JUnitReportReporter -->
<testsuite hostname="DESKTOP-7S66NTI" failures="0" tests="3" name="com.comcast.crm.organizationTest.CreateOrganizationTest" time="54.567" errors="0" timestamp="2025-05-20T13:17:49 IST" skipped="0">
  <testcase classname="com.comcast.crm.organizationTest.CreateOrganizationTest" name="createOrganizationWithType" time="15.142"/>
  <testcase classname="com.comcast.crm.organizationTest.CreateOrganizationTest" name="createOrganizationWithPhoneNumber" time="21.700"/>
  <testcase classname="com.comcast.crm.organizationTest.CreateOrganizationTest" name="createOrganizationTest" time="17.725"/>
</testsuite> <!-- com.comcast.crm.organizationTest.CreateOrganizationTest -->
