<?xml version="1.0" encoding="UTF-8"?>
<!-- Generated by org.testng.reporters.JUnitReportReporter -->
<testsuite hostname="DESKTOP-7S66NTI" failures="0" tests="1" name="com.comcast.crm.organizationTest.CreateOrganizationWithType" time="28.095" errors="0" timestamp="2025-04-30T10:40:30 IST" skipped="0">
  <testcase classname="com.comcast.crm.organizationTest.CreateOrganizationWithType" name="createOrganizationWithType" time="28.095"/>
</testsuite> <!-- com.comcast.crm.organizationTest.CreateOrganizationWithType -->
